<?xml version="1.0" encoding="UTF-8"?>
<!-- Generated by org.testng.reporters.JUnitReportReporter -->
<testsuite hostname="TYSS-Rajath-Heblikar" failures="0" tests="1" name="qa.tests.TestCase1" time="10.773" errors="0" timestamp="2024-04-28T16:00:06 IST" skipped="0">
  <testcase classname="qa.tests.TestCase1" name="successfullyRegisterUser" time="10.773"/>
  <system-out/>
</testsuite> <!-- qa.tests.TestCase1 -->
