<?xml version="1.0" encoding="UTF-8"?>
<!-- Generated by org.testng.reporters.JUnitReportReporter -->
<testsuite hostname="TYSS-Rajath-Heblikar" failures="0" tests="1" name="qa.tests.TestCase2" time="8.208" errors="0" timestamp="2024-04-28T16:00:06 IST" skipped="0">
  <testcase classname="qa.tests.TestCase2" name="loginWithValidCredentials" time="8.208"/>
  <system-out/>
</testsuite> <!-- qa.tests.TestCase2 -->
